<?xml version="1.0" encoding="UTF-8"?>
<!-- Generated by org.testng.reporters.JUnitXMLReporter -->
<testsuite ignored="0" hostname="LMAC-XK2HWFM-AP" failures="0" tests="14" name="Test" time="0.055" errors="0" timestamp="2025-09-07T21:34:50 IST">
  <testcase classname="TestNGPackage.IntroductionTestNG" name="testMethod" time="0.005"/>
  <testcase classname="TestNGPackage.IntroductionTestNG" name="testMethod2" time="0.001"/>
  <testcase classname="TestNGPackage.IntroductionTestNG" name="testMethod3" time="0.001"/>
  <testcase classname="TestNGPackage.IntroductionTestNG" name="testMethod4" time="0.0"/>
  <testcase classname="TestNGPackage.Day1" name="BikeLoan" time="0.001"/>
  <testcase classname="TestNGPackage.Day1" name="CarLoan" time="0.001"/>
  <testcase classname="TestNGPackage.Day1" name="MobileLoan" time="0.0"/>
  <testcase classname="TestNGPackage.Day2" name="HomeLoan1" time="0.001"/>
  <testcase classname="TestNGPackage.Day2" name="HomeLoan2" time="0.001"/>
  <testcase classname="TestNGPackage.Day2" name="HomeLoan3" time="0.001"/>
  <testcase classname="TestNGPackage.Day3" name="Dassault" time="0.001"/>
  <testcase classname="TestNGPackage.Day3" name="Medidata" time="0.001"/>
  <testcase classname="TestNGPackage.Day3" name="RTSM" time="0.001"/>
  <testcase classname="TestNGPackage.Day3" name="StudyConduct" time="0.001"/>
</testsuite> <!-- Test -->
