<?xml version="1.0" encoding="UTF-8"?>
<!-- Generated by org.testng.reporters.JUnitReportReporter -->
<testsuite hostname="LMAC-XK2HWFM-AP" failures="0" tests="3" name="JavaRESTAssuredAPITesting.DynamicJSONLoading" time="6.573" errors="0" timestamp="2025-11-23T22:23:23 IST" skipped="0">
  <testcase classname="JavaRESTAssuredAPITesting.DynamicJSONLoading" name="addBook" time="1.033"/>
  <testcase classname="JavaRESTAssuredAPITesting.DynamicJSONLoading" name="addBook" time="2.925"/>
  <testcase classname="JavaRESTAssuredAPITesting.DynamicJSONLoading" name="addBook" time="2.615"/>
</testsuite> <!-- JavaRESTAssuredAPITesting.DynamicJSONLoading -->
