<?xml version="1.0" encoding="UTF-8"?>
<!-- Generated by org.testng.reporters.JUnitXMLReporter -->
<testsuite ignored="0" hostname="LMAC-XK2HWFM-AP" failures="1" tests="4" name="Test" time="40.978" errors="0" timestamp="2025-09-22T11:15:00 IST">
  <testcase classname="JavaSeleniumFramework.StandAloneTestUsingPOTestNG" name="E2EShopping" time="14.97"/>
  <testcase classname="JavaSeleniumFramework.StandAloneTestUsingPOTestNG" name="OrderVerify" time="0.882"/>
  <testcase classname="JavaSeleniumFramework.StandAloneTestUsingPOTestNGErrorValidation" name="E2EShopping" time="4.189"/>
  <testcase classname="JavaSeleniumFramework.StandAloneTestUsingPOTestNGErrorValidation" name="E2EShopping2" time="0.384">
    <failure type="java.lang.AssertionError" message="expected [Incorrect email or password.] but found [Incorrect em ail or password.]">
      <![CDATA[java.lang.AssertionError: expected [Incorrect email or password.] but found [Incorrect em ail or password.]
at JavaSeleniumFramework.StandAloneTestUsingPOTestNGErrorValidation.E2EShopping2(StandAloneTestUsingPOTestNGErrorValidation.java:20)
at java.base/java.util.ArrayList.forEach(ArrayList.java:1596)
... Removed 35 stack frames]]>
    </failure>
  </testcase> <!-- E2EShopping2 -->
</testsuite> <!-- Test -->
