<?xml version="1.0" encoding="UTF-8"?>
<!-- Generated by org.testng.reporters.JUnitXMLReporter -->
<testsuite ignored="0" hostname="LMAC-XK2HWFM-AP" failures="1" tests="2" name="Test" time="16.904" errors="0" timestamp="2025-09-20T18:06:32 IST">
  <testcase classname="JavaSeleniumFramework.StandAloneTestUsingPOTestNGErrorValidation" name="E2EShopping" time="0.433"/>
  <testcase classname="JavaSeleniumFramework.StandAloneTestUsingPOTestNGErrorValidation" name="E2EShopping2" time="0.479">
    <failure type="java.lang.AssertionError" message="expected [Incorrect email or password.] but found [Incorrect em ail or password.]">
      <![CDATA[java.lang.AssertionError: expected [Incorrect email or password.] but found [Incorrect em ail or password.]
at JavaSeleniumFramework.StandAloneTestUsingPOTestNGErrorValidation.E2EShopping2(StandAloneTestUsingPOTestNGErrorValidation.java:20)
at java.base/java.util.ArrayList.forEach(ArrayList.java:1596)
... Removed 31 stack frames]]>
    </failure>
  </testcase> <!-- E2EShopping2 -->
</testsuite> <!-- Test -->
