<?xml version="1.0" encoding="UTF-8"?>
<testng-results ignored="0" total="3" passed="3" failed="0" skipped="0">
  <reporter-output>
  </reporter-output>
  <suite started-at="2025-11-23T22:23:12 IST" name="Default suite" finished-at="2025-11-23T22:23:18 IST" duration-ms="6598">
    <groups>
    </groups>
    <test started-at="2025-11-23T22:23:12 IST" name="Default test" finished-at="2025-11-23T22:23:18 IST" duration-ms="6598">
      <class name="JavaRESTAssuredAPITesting.DynamicJSONLoading">
        <test-method signature="addBook(java.lang.String,java.lang.String)[pri:0, instance:JavaRESTAssuredAPITesting.DynamicJSONLoading@7df19e33]" started-at="2025-11-23T22:23:12 IST" name="addBook" data-provider="BookData" finished-at="2025-11-23T22:23:14 IST" duration-ms="2615" status="PASS">
          <params>
            <param index="0">
              <value>
                <![CDATA[poiuy]]>
              </value>
            </param>
            <param index="1">
              <value>
                <![CDATA[45672]]>
              </value>
            </param>
          </params>
          <reporter-output>
          </reporter-output>
        </test-method> <!-- addBook -->
        <test-method signature="addBook(java.lang.String,java.lang.String)[pri:0, instance:JavaRESTAssuredAPITesting.DynamicJSONLoading@7df19e33]" started-at="2025-11-23T22:23:14 IST" name="addBook" data-provider="BookData" finished-at="2025-11-23T22:23:17 IST" duration-ms="2925" status="PASS">
          <params>
            <param index="0">
              <value>
                <![CDATA[tyghb]]>
              </value>
            </param>
            <param index="1">
              <value>
                <![CDATA[09876]]>
              </value>
            </param>
          </params>
          <reporter-output>
          </reporter-output>
        </test-method> <!-- addBook -->
        <test-method signature="addBook(java.lang.String,java.lang.String)[pri:0, instance:JavaRESTAssuredAPITesting.DynamicJSONLoading@7df19e33]" started-at="2025-11-23T22:23:17 IST" name="addBook" data-provider="BookData" finished-at="2025-11-23T22:23:18 IST" duration-ms="1033" status="PASS">
          <params>
            <param index="0">
              <value>
                <![CDATA[azxcd]]>
              </value>
            </param>
            <param index="1">
              <value>
                <![CDATA[98641]]>
              </value>
            </param>
          </params>
          <reporter-output>
          </reporter-output>
        </test-method> <!-- addBook -->
      </class> <!-- JavaRESTAssuredAPITesting.DynamicJSONLoading -->
    </test> <!-- Default test -->
  </suite> <!-- Default suite -->
</testng-results>
