<?xml version="1.0" encoding="UTF-8"?>
<!-- Generated by org.testng.reporters.JUnitXMLReporter -->
<testsuite ignored="0" hostname="LMAC-XK2HWFM-AP" failures="0" tests="4" name="Default test" time="0.033" errors="0" timestamp="2025-09-09T18:48:04 IST">
  <testcase classname="TestNGPackage.InheritanceChild" name="ChildMethod" time="0.004"/>
  <testcase classname="TestNGPackage.InheritanceChild" name="ChildMethod2" time="0.001"/>
  <testcase classname="TestNGPackage.InheritanceChild" name="ChildMethod3" time="0.001"/>
  <testcase classname="TestNGPackage.InheritanceParent" name="ParentATestMethod" time="0.001"/>
</testsuite> <!-- Default test -->
