<?xml version="1.0" encoding="UTF-8"?>
<!-- Generated by org.testng.reporters.JUnitXMLReporter -->
<testsuite ignored="0" hostname="LMAC-XK2HWFM-AP" failures="0" tests="4" name="Default test" time="0.327" errors="0" timestamp="2025-10-08T19:29:48 IST">
  <testcase classname="JavaSeleniumFramework.DataProviderANDExcelDataDriven" name="testCase" time="0.006"/>
  <testcase classname="JavaSeleniumFramework.DataProviderANDExcelDataDriven" name="testCase" time="0.001"/>
  <testcase classname="JavaSeleniumFramework.DataProviderANDExcelDataDriven" name="testCase" time="0.0"/>
  <testcase classname="JavaSeleniumFramework.DataProviderANDExcelDataDriven" name="testCase" time="0.0"/>
</testsuite> <!-- Default test -->
