<?xml version="1.0" encoding="UTF-8"?>
<testng-results ignored="0" total="4" passed="4" failed="0" skipped="0">
  <reporter-output>
  </reporter-output>
  <suite started-at="2025-09-09T18:47:59 IST" name="Default suite" finished-at="2025-09-09T18:47:59 IST" duration-ms="33">
    <groups>
    </groups>
    <test started-at="2025-09-09T18:47:59 IST" name="Default test" finished-at="2025-09-09T18:47:59 IST" duration-ms="33">
      <class name="TestNGPackage.InheritanceChild">
        <test-method is-config="true" signature="BeforeParentMethod()[pri:0, instance:TestNGPackage.InheritanceChild@12dedc7f]" started-at="2025-09-09T18:47:59 IST" name="BeforeParentMethod" finished-at="2025-09-09T18:47:59 IST" duration-ms="5" status="PASS">
          <reporter-output>
          </reporter-output>
        </test-method> <!-- BeforeParentMethod -->
        <test-method signature="ChildMethod()[pri:0, instance:TestNGPackage.InheritanceChild@12dedc7f]" started-at="2025-09-09T18:47:59 IST" name="ChildMethod" finished-at="2025-09-09T18:47:59 IST" duration-ms="4" status="PASS">
          <reporter-output>
          </reporter-output>
        </test-method> <!-- ChildMethod -->
        <test-method signature="ChildMethod2()[pri:0, instance:TestNGPackage.InheritanceChild@12dedc7f]" started-at="2025-09-09T18:47:59 IST" name="ChildMethod2" finished-at="2025-09-09T18:47:59 IST" duration-ms="1" status="PASS">
          <reporter-output>
          </reporter-output>
        </test-method> <!-- ChildMethod2 -->
        <test-method signature="ChildMethod3()[pri:0, instance:TestNGPackage.InheritanceChild@12dedc7f]" started-at="2025-09-09T18:47:59 IST" name="ChildMethod3" finished-at="2025-09-09T18:47:59 IST" duration-ms="1" status="PASS">
          <reporter-output>
          </reporter-output>
        </test-method> <!-- ChildMethod3 -->
        <test-method signature="ParentATestMethod()[pri:0, instance:TestNGPackage.InheritanceChild@12dedc7f]" started-at="2025-09-09T18:47:59 IST" name="ParentATestMethod" finished-at="2025-09-09T18:47:59 IST" duration-ms="1" status="PASS">
          <reporter-output>
          </reporter-output>
        </test-method> <!-- ParentATestMethod -->
        <test-method is-config="true" signature="AfterParentMethod()[pri:0, instance:TestNGPackage.InheritanceChild@12dedc7f]" started-at="2025-09-09T18:47:59 IST" name="AfterParentMethod" finished-at="2025-09-09T18:47:59 IST" duration-ms="0" status="PASS">
          <reporter-output>
          </reporter-output>
        </test-method> <!-- AfterParentMethod -->
      </class> <!-- TestNGPackage.InheritanceChild -->
    </test> <!-- Default test -->
  </suite> <!-- Default suite -->
</testng-results>
