<?xml version="1.0" encoding="UTF-8"?>
<!-- Generated by org.testng.reporters.JUnitXMLReporter -->
<testsuite ignored="2" hostname="LMAC-XK2HWFM-AP" failures="1" tests="4" name="Company" time="0.059" errors="0" timestamp="2025-09-08T23:50:37 IST">
  <testcase classname="TestNGPackage.Day3" name="Dassault" time="0.004"/>
  <testcase classname="TestNGPackage.Day3" name="RTSM" time="0.0">
    <failure type="org.testng.TestNGException" message="
Parameter &amp;apos;SuiteParameter1&amp;apos; is required by @Test on method RTSM but has not been marked @Optional or defined
in /Users/PKE17/eclipse-workspace/JavaSelenium/JavaSelenium/testng.xml">
      <![CDATA[org.testng.TestNGException: 
Parameter 'SuiteParameter1' is required by @Test on method RTSM but has not been marked @Optional or defined
in /Users/PKE17/eclipse-workspace/JavaSelenium/JavaSelenium/testng.xml
at java.base/java.util.ArrayList.forEach(ArrayList.java:1596)
at java.base/java.util.concurrent.FutureTask.run(FutureTask.java:317)
at java.base/java.util.concurrent.ThreadPoolExecutor.runWorker(ThreadPoolExecutor.java:1144)
at java.base/java.util.concurrent.ThreadPoolExecutor$Worker.run(ThreadPoolExecutor.java:642)
at java.base/java.lang.Thread.run(Thread.java:1595)
... Removed 16 stack frames]]>
    </failure>
  </testcase> <!-- RTSM -->
  <testcase classname="TestNGPackage.Day3" name="Phoenix" time="0.003"/>
  <testcase classname="TestNGPackage.Day3" name="Medidata" time="0.0">
    <skipped/>
  </testcase> <!-- Medidata -->
  <testcase classname="TestNGPackage.Day3" name="StudyConduct" time="0.0">
    <ignored/>
  </testcase> <!-- StudyConduct -->
  <testcase classname="TestNGPackage.Day3" name="QA" time="0.0">
    <ignored/>
  </testcase> <!-- QA -->
</testsuite> <!-- Company -->
