<?xml version="1.0" encoding="UTF-8"?>
<!-- Generated by org.testng.reporters.JUnitXMLReporter -->
<testsuite ignored="1" hostname="LMAC-XK2HWFM-AP" failures="0" tests="3" name="Introduction" time="0.028" errors="0" timestamp="2025-09-08T23:50:37 IST">
  <testcase classname="TestNGPackage.IntroductionTestNG" name="IntroMethod" time="0.005"/>
  <testcase classname="TestNGPackage.IntroductionTestNG" name="testMethod2" time="0.001"/>
  <testcase classname="TestNGPackage.IntroductionTestNG" name="testMethod4" time="0.001"/>
  <testcase classname="TestNGPackage.IntroductionTestNG" name="testMethod3" time="0.0">
    <ignored/>
  </testcase> <!-- testMethod3 -->
</testsuite> <!-- Introduction -->
