<?xml version="1.0" encoding="UTF-8"?>
<!-- Generated by org.testng.reporters.JUnitXMLReporter -->
<testsuite ignored="2" hostname="LMAC-XK2HWFM-AP" failures="0" tests="4" name="Loan Department" time="0.059" errors="0" timestamp="2025-09-08T23:50:37 IST">
  <testcase classname="TestNGPackage.Day1" name="MobileLoan" time="0.002"/>
  <testcase classname="TestNGPackage.Day2" name="HomeLoan1" time="0.002"/>
  <testcase classname="TestNGPackage.Day2" name="HomeLoan2" time="0.0"/>
  <testcase classname="TestNGPackage.Day2" name="HomeLoan3" time="0.011"/>
  <testcase classname="TestNGPackage.Day1" name="CarLoan" time="0.0">
    <ignored/>
  </testcase> <!-- CarLoan -->
  <testcase classname="TestNGPackage.Day1" name="BikeLoan" time="0.0">
    <ignored/>
  </testcase> <!-- BikeLoan -->
</testsuite> <!-- Loan Department -->
