<?xml version="1.0" encoding="UTF-8"?>
<!-- Generated by org.testng.reporters.JUnitXMLReporter -->
<testsuite ignored="0" hostname="LMAC-XK2HWFM-AP" failures="0" tests="3" name="Default test" time="6.598" errors="0" timestamp="2025-11-23T22:23:23 IST">
  <testcase classname="JavaRESTAssuredAPITesting.DynamicJSONLoading" name="addBook" time="2.615"/>
  <testcase classname="JavaRESTAssuredAPITesting.DynamicJSONLoading" name="addBook" time="2.925"/>
  <testcase classname="JavaRESTAssuredAPITesting.DynamicJSONLoading" name="addBook" time="1.033"/>
</testsuite> <!-- Default test -->
