<?xml version="1.0" encoding="UTF-8"?>
<!-- Generated by org.testng.reporters.JUnitReportReporter -->
<testsuite hostname="LMAC-XK2HWFM-AP" failures="0" tests="3" name="TestNGPackage.Inheritance1" time="0.005" errors="0" timestamp="2025-09-09T11:52:55 IST" skipped="0">
  <testcase classname="TestNGPackage.Inheritance1" name="ParentATestMethod" time="0.003"/>
  <testcase classname="TestNGPackage.Inheritance1" name="ChildMethod2" time="0.001"/>
  <testcase classname="TestNGPackage.Inheritance1" name="ChildMethod" time="0.001"/>
</testsuite> <!-- TestNGPackage.Inheritance1 -->
