<?xml version="1.0" encoding="UTF-8"?>
<!-- Generated by org.testng.reporters.JUnitReportReporter -->
<testsuite hostname="LMAC-XK2HWFM-AP" failures="0" tests="5" name="TestNGPackage.Day3" time="0.007" errors="1" timestamp="2025-09-08T23:50:37 IST" skipped="2">
  <testcase classname="TestNGPackage.Day3" name="Medidata" time="0.000">
    <skipped/>
  </testcase> <!-- Medidata -->
  <testcase classname="TestNGPackage.Day3" name="Phoenix" time="0.003"/>
  <testcase classname="TestNGPackage.Day3" name="RTSM" time="0.000">
    <error message="
Parameter &#039;SuiteParameter1&#039; is required by @Test on method RTSM but has not been marked @Optional or defined
in /Users/PKE17/eclipse-workspace/JavaSelenium/JavaSelenium/testng.xml" type="org.testng.TestNGException">
      <![CDATA[org.testng.TestNGException: 
Parameter 'SuiteParameter1' is required by @Test on method RTSM but has not been marked @Optional or defined
in /Users/PKE17/eclipse-workspace/JavaSelenium/JavaSelenium/testng.xml
at org.testng.internal.Parameters.createParams(Parameters.java:264)
at org.testng.internal.Parameters.createParametersForMethod(Parameters.java:352)
at org.testng.internal.Parameters.createParameters(Parameters.java:690)
at org.testng.internal.Parameters.handleParameters(Parameters.java:885)
at org.testng.internal.Parameters.handleParameters(Parameters.java:734)
at org.testng.internal.invokers.ParameterHandler.handleParameters(ParameterHandler.java:72)
at org.testng.internal.invokers.ParameterHandler.createParameters(ParameterHandler.java:51)
at org.testng.internal.invokers.TestInvoker$MethodInvocationAgent.invoke(TestInvoker.java:949)
at org.testng.internal.invokers.TestInvoker.invokeTestMethods(TestInvoker.java:203)
at org.testng.internal.invokers.TestMethodWorker.invokeTestMethods(TestMethodWorker.java:154)
at org.testng.internal.invokers.TestMethodWorker.run(TestMethodWorker.java:134)
at java.base/java.util.ArrayList.forEach(ArrayList.java:1596)
at org.testng.TestRunner.privateRun(TestRunner.java:741)
at org.testng.TestRunner.run(TestRunner.java:616)
at org.testng.SuiteRunner.runTest(SuiteRunner.java:421)
at org.testng.SuiteRunner$SuiteWorker.run(SuiteRunner.java:463)
at org.testng.internal.thread.ThreadUtil.lambda$execute$0(ThreadUtil.java:64)
at java.base/java.util.concurrent.FutureTask.run(FutureTask.java:317)
at java.base/java.util.concurrent.ThreadPoolExecutor.runWorker(ThreadPoolExecutor.java:1144)
at java.base/java.util.concurrent.ThreadPoolExecutor$Worker.run(ThreadPoolExecutor.java:642)
at java.base/java.lang.Thread.run(Thread.java:1595)
]]>
    </error>
  </testcase> <!-- RTSM -->
  <testcase classname="TestNGPackage.Day3" name="Dassault" time="0.004"/>
  <testcase classname="TestNGPackage.Day3" name="QA">
    <skipped/>
  </testcase> <!-- QA -->
</testsuite> <!-- TestNGPackage.Day3 -->
