<?xml version="1.0" encoding="UTF-8"?>
<!-- Generated by org.testng.reporters.JUnitReportReporter -->
<testsuite hostname="LMAC-XK2HWFM-AP" failures="0" tests="3" name="TestNGPackage.IntroductionTestNG" time="0.007" errors="0" timestamp="2025-09-08T23:50:37 IST" skipped="0">
  <testcase classname="TestNGPackage.IntroductionTestNG" name="testMethod4" time="0.001"/>
  <testcase classname="TestNGPackage.IntroductionTestNG" name="testMethod2" time="0.001"/>
  <testcase classname="TestNGPackage.IntroductionTestNG" name="IntroMethod" time="0.005"/>
</testsuite> <!-- TestNGPackage.IntroductionTestNG -->
