<?xml version="1.0" encoding="UTF-8"?>
<!-- Generated by org.testng.reporters.JUnitReportReporter -->
<testsuite hostname="LMAC-XK2HWFM-AP" failures="0" tests="3" name="TestNGPackage.Day2" time="0.013" errors="0" timestamp="2025-09-08T23:50:37 IST" skipped="0">
  <testcase classname="TestNGPackage.Day2" name="HomeLoan2" time="0.000"/>
  <testcase classname="TestNGPackage.Day2" name="HomeLoan1" time="0.002"/>
  <testcase classname="TestNGPackage.Day2" name="HomeLoan3" time="0.011"/>
</testsuite> <!-- TestNGPackage.Day2 -->
