<?xml version="1.0" encoding="UTF-8"?>
<!-- Generated by org.testng.reporters.JUnitReportReporter -->
<testsuite hostname="LMAC-XK2HWFM-AP" failures="0" tests="3" name="TestNGPackage.DataProviderTestNG" time="0.006" errors="0" timestamp="2025-09-08T22:47:44 IST" skipped="0">
  <testcase classname="TestNGPackage.DataProviderTestNG" name="LoginMethod" time="0.001"/>
  <testcase classname="TestNGPackage.DataProviderTestNG" name="LoginMethod" time="0.004"/>
  <testcase classname="TestNGPackage.DataProviderTestNG" name="LoginMethod" time="0.001"/>
</testsuite> <!-- TestNGPackage.DataProviderTestNG -->
