<?xml version="1.0" encoding="UTF-8"?>
<testsuite xmlns:xsi="http://www.w3.org/2001/XMLSchema-instance" xsi:noNamespaceSchemaLocation="https://maven.apache.org/surefire/maven-surefire-plugin/xsd/surefire-test-report.xsd" version="3.0.2" name="TestSuite" time="43.879" tests="4" errors="0" skipped="0" failures="1">
  <properties>
[...]
</properties>
  <testcase name="E2EShopping" classname="JavaSeleniumFramework.StandAloneTestUsingPOTestNG" time="14.971">
    <system-err><![CDATA[SLF4J(W): No SLF4J providers were found.
SLF4J(W): Defaulting to no-operation (NOP) logger implementation
SLF4J(W): See https://www.slf4j.org/codes.html#noProviders for further details.
Sept 22, 2025 11:14:20 AM org.openqa.selenium.manager.SeleniumManager lambda$runCommand$1
WARNING: The chromedriver version (139.0.7258.68) detected in PATH at /opt/homebrew/bin/chromedriver might not be compatible with the detected chrome version (140.0.7339.133); currently, chromedriver 140.0.7339.185 is recommended for chrome 140.*, so it is advised to delete the driver in PATH and retry
Sept 22, 2025 11:14:21 AM org.openqa.selenium.devtools.CdpVersionFinder findNearestMatch
WARNING: Unable to find an exact match for CDP version 140, returning the closest version; found: 139; Please update to a Selenium version that supports CDP version 140
]]></system-err>
  </testcase>
  <testcase name="OrderVerify" classname="JavaSeleniumFramework.StandAloneTestUsingPOTestNG" time="0.881">
    <system-err><![CDATA[Sept 22, 2025 11:14:40 AM org.openqa.selenium.manager.SeleniumManager lambda$runCommand$1
WARNING: The chromedriver version (139.0.7258.68) detected in PATH at /opt/homebrew/bin/chromedriver might not be compatible with the detected chrome version (140.0.7339.133); currently, chromedriver 140.0.7339.185 is recommended for chrome 140.*, so it is advised to delete the driver in PATH and retry
Sept 22, 2025 11:14:41 AM org.openqa.selenium.devtools.CdpVersionFinder findNearestMatch
WARNING: Unable to find an exact match for CDP version 140, returning the closest version; found: 139; Please update to a Selenium version that supports CDP version 140
]]></system-err>
  </testcase>
  <testcase name="E2EShopping" classname="JavaSeleniumFramework.StandAloneTestUsingPOTestNGErrorValidation" time="4.188">
    <system-err><![CDATA[Sept 22, 2025 11:14:46 AM org.openqa.selenium.manager.SeleniumManager lambda$runCommand$1
WARNING: The chromedriver version (139.0.7258.68) detected in PATH at /opt/homebrew/bin/chromedriver might not be compatible with the detected chrome version (140.0.7339.133); currently, chromedriver 140.0.7339.185 is recommended for chrome 140.*, so it is advised to delete the driver in PATH and retry
Sept 22, 2025 11:14:47 AM org.openqa.selenium.devtools.CdpVersionFinder findNearestMatch
WARNING: Unable to find an exact match for CDP version 140, returning the closest version; found: 139; Please update to a Selenium version that supports CDP version 140
]]></system-err>
  </testcase>
  <testcase name="E2EShopping2" classname="JavaSeleniumFramework.StandAloneTestUsingPOTestNGErrorValidation" time="0.386">
    <failure message="expected [Incorrect email or password.] but found [Incorrect em ail or password.]" type="java.lang.AssertionError"><![CDATA[java.lang.AssertionError: expected [Incorrect email or password.] but found [Incorrect em ail or password.]
	at org.testng.Assert.fail(Assert.java:111)
	at org.testng.Assert.failNotEquals(Assert.java:1590)
	at org.testng.Assert.assertEqualsImpl(Assert.java:150)
	at org.testng.Assert.assertEquals(Assert.java:132)
	at org.testng.Assert.assertEquals(Assert.java:656)
	at org.testng.Assert.assertEquals(Assert.java:666)
	at JavaSeleniumFramework.StandAloneTestUsingPOTestNGErrorValidation.E2EShopping2(StandAloneTestUsingPOTestNGErrorValidation.java:20)
	at java.base/jdk.internal.reflect.DirectMethodHandleAccessor.invoke(DirectMethodHandleAccessor.java:103)
	at java.base/java.lang.reflect.Method.invoke(Method.java:586)
	at org.testng.internal.invokers.MethodInvocationHelper.invokeMethod(MethodInvocationHelper.java:141)
	at org.testng.internal.invokers.TestInvoker.invokeMethod(TestInvoker.java:687)
	at org.testng.internal.invokers.TestInvoker.invokeTestMethod(TestInvoker.java:230)
	at org.testng.internal.invokers.MethodRunner.runInSequence(MethodRunner.java:63)
	at org.testng.internal.invokers.TestInvoker$MethodInvocationAgent.invoke(TestInvoker.java:995)
	at org.testng.internal.invokers.TestInvoker.invokeTestMethods(TestInvoker.java:203)
	at org.testng.internal.invokers.TestMethodWorker.invokeTestMethods(TestMethodWorker.java:154)
	at org.testng.internal.invokers.TestMethodWorker.run(TestMethodWorker.java:134)
	at java.base/java.util.ArrayList.forEach(ArrayList.java:1596)
	at org.testng.TestRunner.privateRun(TestRunner.java:741)
	at org.testng.TestRunner.run(TestRunner.java:616)
	at org.testng.SuiteRunner.runTest(SuiteRunner.java:421)
	at org.testng.SuiteRunner.runSequentially(SuiteRunner.java:413)
	at org.testng.SuiteRunner.privateRun(SuiteRunner.java:373)
	at org.testng.SuiteRunner.run(SuiteRunner.java:312)
	at org.testng.SuiteRunnerWorker.runSuite(SuiteRunnerWorker.java:52)
	at org.testng.SuiteRunnerWorker.run(SuiteRunnerWorker.java:95)
	at org.testng.TestNG.runSuitesSequentially(TestNG.java:1274)
	at org.testng.TestNG.runSuitesLocally(TestNG.java:1208)
	at org.testng.TestNG.runSuites(TestNG.java:1112)
	at org.testng.TestNG.run(TestNG.java:1079)
	at org.apache.maven.surefire.testng.TestNGExecutor.run(TestNGExecutor.java:308)
	at org.apache.maven.surefire.testng.TestNGXmlTestSuite.execute(TestNGXmlTestSuite.java:71)
	at org.apache.maven.surefire.testng.TestNGProvider.invoke(TestNGProvider.java:113)
	at org.apache.maven.surefire.booter.ForkedBooter.runSuitesInProcess(ForkedBooter.java:385)
	at org.apache.maven.surefire.booter.ForkedBooter.execute(ForkedBooter.java:162)
	at org.apache.maven.surefire.booter.ForkedBooter.run(ForkedBooter.java:507)
	at org.apache.maven.surefire.booter.ForkedBooter.main(ForkedBooter.java:495)
]]></failure>
    <system-err><![CDATA[Sept 22, 2025 11:14:52 AM org.openqa.selenium.manager.SeleniumManager lambda$runCommand$1
WARNING: The chromedriver version (139.0.7258.68) detected in PATH at /opt/homebrew/bin/chromedriver might not be compatible with the detected chrome version (140.0.7339.133); currently, chromedriver 140.0.7339.185 is recommended for chrome 140.*, so it is advised to delete the driver in PATH and retry
Sept 22, 2025 11:14:53 AM org.openqa.selenium.devtools.CdpVersionFinder findNearestMatch
WARNING: Unable to find an exact match for CDP version 140, returning the closest version; found: 139; Please update to a Selenium version that supports CDP version 140
]]></system-err>
  </testcase>
</testsuite>