<?xml version="1.0" encoding="UTF-8"?>
<testng-results ignored="0" total="4" passed="3" failed="1" skipped="0">
  <reporter-output>
  </reporter-output>
  <suite started-at="2025-09-22T11:14:16 IST" name="Suite" finished-at="2025-09-22T11:14:57 IST" duration-ms="40978">
    <groups>
    </groups>
    <test started-at="2025-09-22T11:14:16 IST" name="Test" finished-at="2025-09-22T11:14:57 IST" duration-ms="40978">
      <class name="JavaSeleniumFramework.StandAloneTestUsingPOTestNGErrorValidation">
        <test-method is-config="true" signature="LandingPage()[pri:0, instance:JavaSeleniumFramework.StandAloneTestUsingPOTestNGErrorValidation@bac800a5]" started-at="2025-09-22T11:14:46 IST" name="LandingPage" finished-at="2025-09-22T11:14:47 IST" duration-ms="1802" status="PASS">
          <reporter-output>
          </reporter-output>
        </test-method> <!-- LandingPage -->
        <test-method signature="E2EShopping()[pri:0, instance:JavaSeleniumFramework.StandAloneTestUsingPOTestNGErrorValidation@bac800a5]" started-at="2025-09-22T11:14:47 IST" name="E2EShopping" finished-at="2025-09-22T11:14:52 IST" duration-ms="4189" status="PASS">
          <reporter-output>
          </reporter-output>
        </test-method> <!-- E2EShopping -->
        <test-method is-config="true" signature="CloseBrowser()[pri:0, instance:JavaSeleniumFramework.StandAloneTestUsingPOTestNGErrorValidation@bac800a5]" started-at="2025-09-22T11:14:52 IST" name="CloseBrowser" finished-at="2025-09-22T11:14:52 IST" duration-ms="69" status="PASS">
          <reporter-output>
          </reporter-output>
        </test-method> <!-- CloseBrowser -->
        <test-method is-config="true" signature="LandingPage()[pri:0, instance:JavaSeleniumFramework.StandAloneTestUsingPOTestNGErrorValidation@bac800a5]" started-at="2025-09-22T11:14:52 IST" name="LandingPage" finished-at="2025-09-22T11:14:57 IST" duration-ms="4873" status="PASS">
          <reporter-output>
          </reporter-output>
        </test-method> <!-- LandingPage -->
        <test-method signature="E2EShopping2()[pri:0, instance:JavaSeleniumFramework.StandAloneTestUsingPOTestNGErrorValidation@bac800a5]" started-at="2025-09-22T11:14:57 IST" name="E2EShopping2" finished-at="2025-09-22T11:14:57 IST" duration-ms="384" status="FAIL">
          <exception class="java.lang.AssertionError">
            <message>
              <![CDATA[expected [Incorrect email or password.] but found [Incorrect em ail or password.]]]>
            </message>
            <full-stacktrace>
              <![CDATA[java.lang.AssertionError: expected [Incorrect email or password.] but found [Incorrect em ail or password.]
at org.testng.Assert.fail(Assert.java:111)
at org.testng.Assert.failNotEquals(Assert.java:1590)
at org.testng.Assert.assertEqualsImpl(Assert.java:150)
at org.testng.Assert.assertEquals(Assert.java:132)
at org.testng.Assert.assertEquals(Assert.java:656)
at org.testng.Assert.assertEquals(Assert.java:666)
at JavaSeleniumFramework.StandAloneTestUsingPOTestNGErrorValidation.E2EShopping2(StandAloneTestUsingPOTestNGErrorValidation.java:20)
at java.base/jdk.internal.reflect.DirectMethodHandleAccessor.invoke(DirectMethodHandleAccessor.java:103)
at java.base/java.lang.reflect.Method.invoke(Method.java:586)
at org.testng.internal.invokers.MethodInvocationHelper.invokeMethod(MethodInvocationHelper.java:141)
at org.testng.internal.invokers.TestInvoker.invokeMethod(TestInvoker.java:687)
at org.testng.internal.invokers.TestInvoker.invokeTestMethod(TestInvoker.java:230)
at org.testng.internal.invokers.MethodRunner.runInSequence(MethodRunner.java:63)
at org.testng.internal.invokers.TestInvoker$MethodInvocationAgent.invoke(TestInvoker.java:995)
at org.testng.internal.invokers.TestInvoker.invokeTestMethods(TestInvoker.java:203)
at org.testng.internal.invokers.TestMethodWorker.invokeTestMethods(TestMethodWorker.java:154)
at org.testng.internal.invokers.TestMethodWorker.run(TestMethodWorker.java:134)
at java.base/java.util.ArrayList.forEach(ArrayList.java:1596)
at org.testng.TestRunner.privateRun(TestRunner.java:741)
at org.testng.TestRunner.run(TestRunner.java:616)
at org.testng.SuiteRunner.runTest(SuiteRunner.java:421)
at org.testng.SuiteRunner.runSequentially(SuiteRunner.java:413)
at org.testng.SuiteRunner.privateRun(SuiteRunner.java:373)
at org.testng.SuiteRunner.run(SuiteRunner.java:312)
at org.testng.SuiteRunnerWorker.runSuite(SuiteRunnerWorker.java:52)
at org.testng.SuiteRunnerWorker.run(SuiteRunnerWorker.java:95)
at org.testng.TestNG.runSuitesSequentially(TestNG.java:1274)
at org.testng.TestNG.runSuitesLocally(TestNG.java:1208)
at org.testng.TestNG.runSuites(TestNG.java:1112)
at org.testng.TestNG.run(TestNG.java:1079)
at org.apache.maven.surefire.testng.TestNGExecutor.run(TestNGExecutor.java:308)
at org.apache.maven.surefire.testng.TestNGXmlTestSuite.execute(TestNGXmlTestSuite.java:71)
at org.apache.maven.surefire.testng.TestNGProvider.invoke(TestNGProvider.java:113)
at org.apache.maven.surefire.booter.ForkedBooter.runSuitesInProcess(ForkedBooter.java:385)
at org.apache.maven.surefire.booter.ForkedBooter.execute(ForkedBooter.java:162)
at org.apache.maven.surefire.booter.ForkedBooter.run(ForkedBooter.java:507)
at org.apache.maven.surefire.booter.ForkedBooter.main(ForkedBooter.java:495)
]]>
            </full-stacktrace>
          </exception> <!-- java.lang.AssertionError -->
          <reporter-output>
          </reporter-output>
        </test-method> <!-- E2EShopping2 -->
        <test-method is-config="true" signature="CloseBrowser()[pri:0, instance:JavaSeleniumFramework.StandAloneTestUsingPOTestNGErrorValidation@bac800a5]" started-at="2025-09-22T11:14:57 IST" name="CloseBrowser" finished-at="2025-09-22T11:14:57 IST" duration-ms="72" status="PASS">
          <reporter-output>
          </reporter-output>
        </test-method> <!-- CloseBrowser -->
      </class> <!-- JavaSeleniumFramework.StandAloneTestUsingPOTestNGErrorValidation -->
      <class name="JavaSeleniumFramework.StandAloneTestUsingPOTestNG">
        <test-method is-config="true" signature="LandingPage()[pri:0, instance:JavaSeleniumFramework.StandAloneTestUsingPOTestNG@fd8b1440]" started-at="2025-09-22T11:14:16 IST" name="LandingPage" finished-at="2025-09-22T11:14:25 IST" duration-ms="9106" status="PASS">
          <reporter-output>
          </reporter-output>
        </test-method> <!-- LandingPage -->
        <test-method signature="E2EShopping()[pri:0, instance:JavaSeleniumFramework.StandAloneTestUsingPOTestNG@fd8b1440]" started-at="2025-09-22T11:14:25 IST" name="E2EShopping" finished-at="2025-09-22T11:14:40 IST" duration-ms="14970" status="PASS">
          <reporter-output>
          </reporter-output>
        </test-method> <!-- E2EShopping -->
        <test-method is-config="true" signature="CloseBrowser()[pri:0, instance:JavaSeleniumFramework.StandAloneTestUsingPOTestNG@fd8b1440]" started-at="2025-09-22T11:14:40 IST" name="CloseBrowser" finished-at="2025-09-22T11:14:40 IST" duration-ms="71" status="PASS">
          <reporter-output>
          </reporter-output>
        </test-method> <!-- CloseBrowser -->
        <test-method is-config="true" signature="LandingPage()[pri:0, instance:JavaSeleniumFramework.StandAloneTestUsingPOTestNG@fd8b1440]" started-at="2025-09-22T11:14:40 IST" name="LandingPage" finished-at="2025-09-22T11:14:45 IST" duration-ms="4466" status="PASS">
          <reporter-output>
          </reporter-output>
        </test-method> <!-- LandingPage -->
        <test-method signature="OrderVerify()[pri:0, instance:JavaSeleniumFramework.StandAloneTestUsingPOTestNG@fd8b1440]" started-at="2025-09-22T11:14:45 IST" name="OrderVerify" finished-at="2025-09-22T11:14:46 IST" depends-on-methods="JavaSeleniumFramework.StandAloneTestUsingPOTestNG.E2EShopping" duration-ms="882" status="PASS">
          <reporter-output>
          </reporter-output>
        </test-method> <!-- OrderVerify -->
        <test-method is-config="true" signature="CloseBrowser()[pri:0, instance:JavaSeleniumFramework.StandAloneTestUsingPOTestNG@fd8b1440]" started-at="2025-09-22T11:14:46 IST" name="CloseBrowser" finished-at="2025-09-22T11:14:46 IST" duration-ms="71" status="PASS">
          <reporter-output>
          </reporter-output>
        </test-method> <!-- CloseBrowser -->
      </class> <!-- JavaSeleniumFramework.StandAloneTestUsingPOTestNG -->
    </test> <!-- Test -->
  </suite> <!-- Suite -->
</testng-results>
