<?xml version="1.0" encoding="UTF-8"?>
<!-- Generated by org.testng.reporters.JUnitReportReporter -->
<testsuite hostname="LMAC-XK2HWFM-AP" failures="0" tests="2" name="JavaSeleniumFramework.DataProviderHashMapTest" time="42.818" errors="0" timestamp="2025-09-12T00:16:40 IST" skipped="0">
  <testcase classname="JavaSeleniumFramework.DataProviderHashMapTest" name="E2EShopping" time="20.672"/>
  <testcase classname="JavaSeleniumFramework.DataProviderHashMapTest" name="E2EShopping" time="22.146"/>
</testsuite> <!-- JavaSeleniumFramework.DataProviderHashMapTest -->
