<?xml version="1.0" encoding="UTF-8"?>
<!-- Generated by org.testng.reporters.JUnitReportReporter -->
<testsuite hostname="LMAC-XK2HWFM-AP" failures="0" tests="2" name="JavaSeleniumFramework.DataProviderJSONTest" time="42.294" errors="0" timestamp="2025-09-12T00:19:10 IST" skipped="0">
  <testcase classname="JavaSeleniumFramework.DataProviderJSONTest" name="E2EShopping" time="21.703"/>
  <testcase classname="JavaSeleniumFramework.DataProviderJSONTest" name="E2EShopping" time="20.591"/>
</testsuite> <!-- JavaSeleniumFramework.DataProviderJSONTest -->
