<?xml version="1.0" encoding="UTF-8"?>
<!-- Generated by org.testng.reporters.JUnitReportReporter -->
<testsuite hostname="LMAC-XK2HWFM-AP" failures="0" tests="4" name="JavaSeleniumFramework.DataProviderANDExcelDataDriven" time="0.007" errors="0" timestamp="2025-10-08T19:29:48 IST" skipped="0">
  <testcase classname="JavaSeleniumFramework.DataProviderANDExcelDataDriven" name="testCase" time="0.000"/>
  <testcase classname="JavaSeleniumFramework.DataProviderANDExcelDataDriven" name="testCase" time="0.001"/>
  <testcase classname="JavaSeleniumFramework.DataProviderANDExcelDataDriven" name="testCase" time="0.000"/>
  <testcase classname="JavaSeleniumFramework.DataProviderANDExcelDataDriven" name="testCase" time="0.006"/>
</testsuite> <!-- JavaSeleniumFramework.DataProviderANDExcelDataDriven -->
