<?xml version="1.0" encoding="UTF-8"?>
<!-- Generated by org.testng.reporters.JUnitReportReporter -->
<testsuite hostname="LMAC-XK2HWFM-AP" failures="0" tests="2" name="JavaSeleniumFramework.DataProviderTest" time="36.160" errors="0" timestamp="2025-09-12T00:29:22 IST" skipped="0">
  <testcase classname="JavaSeleniumFramework.DataProviderTest" name="E2EShopping" time="19.730"/>
  <testcase classname="JavaSeleniumFramework.DataProviderTest" name="E2EShopping" time="16.430"/>
</testsuite> <!-- JavaSeleniumFramework.DataProviderTest -->
