<?xml version="1.0" encoding="UTF-8"?>
<!-- Generated by org.testng.reporters.JUnitReportReporter -->
<testsuite hostname="LMAC-XK2HWFM-AP" failures="0" tests="2" name="JavaSeleniumFramework.StandAloneTestUsingPOTestNG" time="29.566" errors="0" timestamp="2025-09-22T11:15:00 IST" skipped="0">
  <testcase classname="JavaSeleniumFramework.StandAloneTestUsingPOTestNG" name="E2EShopping" time="24.147"/>
  <testcase classname="JavaSeleniumFramework.StandAloneTestUsingPOTestNG" name="OrderVerify" time="5.419"/>
</testsuite> <!-- JavaSeleniumFramework.StandAloneTestUsingPOTestNG -->
